<?xml version="1.0" encoding="UTF-8"?>
<!-- Generated by org.testng.reporters.JUnitReportReporter -->
<testsuite hostname="HPDB0168" name="com.example.demo.test.BingTest" tests="1" failures="0" timestamp="22 Mar 2016 09:09:19 GMT" time="321.857" errors="0">
  <testcase name="translateWord" time="321.857" classname="com.example.demo.test.BingTest"/>
</testsuite> <!-- com.example.demo.test.BingTest -->
