<?xml version="1.0" encoding="UTF-8"?>
<!-- Generated by org.testng.reporters.JUnitReportReporter -->
<testsuite hostname="HPDB0168" name="com.example.demo.test.BingTest" tests="1" failures="0" timestamp="1 Mar 2016 08:35:28 GMT" time="317.187" errors="0">
  <testcase name="translateWord" time="317.187" classname="com.example.demo.test.BingTest"/>
</testsuite> <!-- com.example.demo.test.BingTest -->
